C:\Users\mexel_000\Documents\Visual Studio 2010\Projects\sp42\kadai01\\kadai01.exe
C:\Users\mexel_000\Documents\Visual Studio 2010\Projects\sp42\kadai01\\kadai01.pdb
C:\USERS\MEXEL_000\DOCUMENTS\VISUAL STUDIO 2010\PROJECTS\SP42\KADAI01\KADAI01.EXE
C:\USERS\MEXEL_000\DOCUMENTS\VISUAL STUDIO 2010\PROJECTS\SP42\KADAI01\KADAI01.PDB
C:\USERS\MEXEL_000\DOCUMENTS\VISUAL STUDIO 2010\PROJECTS\SP42\KADAI01\RELEASE\BLURPLAYER.OBJ
C:\USERS\MEXEL_000\DOCUMENTS\VISUAL STUDIO 2010\PROJECTS\SP42\KADAI01\RELEASE\BLURSCENE.OBJ
C:\USERS\MEXEL_000\DOCUMENTS\VISUAL STUDIO 2010\PROJECTS\SP42\KADAI01\RELEASE\CAMERA.OBJ
C:\Users\mexel_000\Documents\Visual Studio 2010\Projects\sp42\kadai01\Release\cl.command.1.tlog
C:\Users\mexel_000\Documents\Visual Studio 2010\Projects\sp42\kadai01\Release\CL.read.1.tlog
C:\Users\mexel_000\Documents\Visual Studio 2010\Projects\sp42\kadai01\Release\CL.write.1.tlog
C:\USERS\MEXEL_000\DOCUMENTS\VISUAL STUDIO 2010\PROJECTS\SP42\KADAI01\RELEASE\COMMON.OBJ
C:\USERS\MEXEL_000\DOCUMENTS\VISUAL STUDIO 2010\PROJECTS\SP42\KADAI01\RELEASE\CYLINDER.OBJ
C:\USERS\MEXEL_000\DOCUMENTS\VISUAL STUDIO 2010\PROJECTS\SP42\KADAI01\RELEASE\DEPTHSHADOWPLAYER.OBJ
C:\USERS\MEXEL_000\DOCUMENTS\VISUAL STUDIO 2010\PROJECTS\SP42\KADAI01\RELEASE\DEPTHSHADOWSCENE.OBJ
C:\USERS\MEXEL_000\DOCUMENTS\VISUAL STUDIO 2010\PROJECTS\SP42\KADAI01\RELEASE\INPUT.OBJ
C:\USERS\MEXEL_000\DOCUMENTS\VISUAL STUDIO 2010\PROJECTS\SP42\KADAI01\RELEASE\INPUTKEYBOARD.OBJ
C:\USERS\MEXEL_000\DOCUMENTS\VISUAL STUDIO 2010\PROJECTS\SP42\KADAI01\RELEASE\INPUTMOUSE.OBJ
C:\USERS\MEXEL_000\DOCUMENTS\VISUAL STUDIO 2010\PROJECTS\SP42\KADAI01\RELEASE\KADAI01.EXE.INTERMEDIATE.MANIFEST
C:\Users\mexel_000\Documents\Visual Studio 2010\Projects\sp42\kadai01\Release\kadai01.write.1.tlog
C:\Users\mexel_000\Documents\Visual Studio 2010\Projects\sp42\kadai01\Release\link.command.1.tlog
C:\Users\mexel_000\Documents\Visual Studio 2010\Projects\sp42\kadai01\Release\link.read.1.tlog
C:\Users\mexel_000\Documents\Visual Studio 2010\Projects\sp42\kadai01\Release\link.write.1.tlog
C:\USERS\MEXEL_000\DOCUMENTS\VISUAL STUDIO 2010\PROJECTS\SP42\KADAI01\RELEASE\MAIN.OBJ
C:\USERS\MEXEL_000\DOCUMENTS\VISUAL STUDIO 2010\PROJECTS\SP42\KADAI01\RELEASE\MEMORY.OBJ
C:\USERS\MEXEL_000\DOCUMENTS\VISUAL STUDIO 2010\PROJECTS\SP42\KADAI01\RELEASE\MESHFIELD.OBJ
C:\USERS\MEXEL_000\DOCUMENTS\VISUAL STUDIO 2010\PROJECTS\SP42\KADAI01\RELEASE\MODEL.OBJ
C:\USERS\MEXEL_000\DOCUMENTS\VISUAL STUDIO 2010\PROJECTS\SP42\KADAI01\RELEASE\MOTIONBLURSCENE.OBJ
C:\Users\mexel_000\Documents\Visual Studio 2010\Projects\sp42\kadai01\Release\mt.command.1.tlog
C:\Users\mexel_000\Documents\Visual Studio 2010\Projects\sp42\kadai01\Release\mt.read.1.tlog
C:\Users\mexel_000\Documents\Visual Studio 2010\Projects\sp42\kadai01\Release\mt.write.1.tlog
C:\USERS\MEXEL_000\DOCUMENTS\VISUAL STUDIO 2010\PROJECTS\SP42\KADAI01\RELEASE\MULTITEXSCENE.OBJ
C:\USERS\MEXEL_000\DOCUMENTS\VISUAL STUDIO 2010\PROJECTS\SP42\KADAI01\RELEASE\PLANE.OBJ
C:\USERS\MEXEL_000\DOCUMENTS\VISUAL STUDIO 2010\PROJECTS\SP42\KADAI01\RELEASE\PLAYER.OBJ
C:\USERS\MEXEL_000\DOCUMENTS\VISUAL STUDIO 2010\PROJECTS\SP42\KADAI01\RELEASE\SCENE.OBJ
C:\USERS\MEXEL_000\DOCUMENTS\VISUAL STUDIO 2010\PROJECTS\SP42\KADAI01\RELEASE\SHADERDEVISE.OBJ
C:\USERS\MEXEL_000\DOCUMENTS\VISUAL STUDIO 2010\PROJECTS\SP42\KADAI01\RELEASE\STATICPLANE.OBJ
C:\USERS\MEXEL_000\DOCUMENTS\VISUAL STUDIO 2010\PROJECTS\SP42\KADAI01\RELEASE\TIMER.OBJ
C:\USERS\MEXEL_000\DOCUMENTS\VISUAL STUDIO 2010\PROJECTS\SP42\KADAI01\RELEASE\TOONMODEL.OBJ
C:\USERS\MEXEL_000\DOCUMENTS\VISUAL STUDIO 2010\PROJECTS\SP42\KADAI01\RELEASE\TOONSCENE.OBJ
C:\USERS\MEXEL_000\DOCUMENTS\VISUAL STUDIO 2010\PROJECTS\SP42\KADAI01\RELEASE\VC100.PDB
