2014/07/11 12:06:48 にビルドを開始しました。
     1>ノード 2 上のプロジェクト "C:\Users\mexel_000\Documents\Visual Studio 2010\Projects\sp42\kadai01\kadai01.vcxproj" (build ターゲット)。
     1>InitializeBuildStatus:
         "AlwaysCreate" が指定されたため "Release\kadai01.unsuccessfulbuild" を作成しています。
       ClCompile:
         c:\Program Files (x86)\Microsoft Visual Studio 10.0\VC\bin\CL.exe /c /Zi /nologo /W3 /WX- /O2 /Oi /Oy- /GL /D WIN32 /D NDEBUG /D _WINDOWS /D _MBCS /Gm- /EHsc /MD /GS /Gy /fp:precise /Zc:wchar_t /Zc:forScope /Fo"Release\\" /Fd"Release\vc100.pdb" /Gd /TP /analyze- /errorReport:prompt Camera.cpp FogScene.cpp
         Camera.cpp
         C:\Program Files (x86)\Microsoft SDKs\Windows\v7.0A\Include\dinput.h: DIRECTINPUT_VERSION undefined. Defaulting to version 0x0800
         FogScene.cpp
       Link:
         c:\Program Files (x86)\Microsoft Visual Studio 10.0\VC\bin\link.exe /ERRORREPORT:PROMPT /OUT:"C:\Users\mexel_000\Documents\Visual Studio 2010\Projects\sp42\kadai01\\kadai01.exe" /INCREMENTAL:NO /NOLOGO kernel32.lib user32.lib gdi32.lib winspool.lib comdlg32.lib advapi32.lib shell32.lib ole32.lib oleaut32.lib uuid.lib odbc32.lib odbccp32.lib /MANIFEST /ManifestFile:"Release\kadai01.exe.intermediate.manifest" /MANIFESTUAC:"level='asInvoker' uiAccess='false'" /DEBUG /PDB:"C:\Users\mexel_000\Documents\Visual Studio 2010\Projects\sp42\kadai01\kadai01.pdb" /SUBSYSTEM:WINDOWS /OPT:REF /OPT:ICF /LTCG /TLBID:1 /DYNAMICBASE /NXCOMPAT /IMPLIB:"C:\Users\mexel_000\Documents\Visual Studio 2010\Projects\sp42\kadai01\\kadai01.lib" /MACHINE:X86 Release\BlurPlayer.obj
         Release\BlurScene.obj
         Release\Camera.obj
         Release\Common.obj
         Release\Cylinder.obj
         Release\DepthShadowPlayer.obj
         Release\DepthShadowScene.obj
         Release\FogScene.obj
         Release\Input.obj
         Release\InputKeyboard.obj
         Release\InputMouse.obj
         Release\main.obj
         Release\Memory.obj
         Release\MeshField.obj
         Release\Model.obj
         Release\MotionBlurScene.obj
         Release\MultiTexScene.obj
         Release\Plane.obj
         Release\Player.obj
         Release\Scene.obj
         Release\ShaderDevise.obj
         Release\StaticPlane.obj
         Release\Timer.obj
         Release\ToonModel.obj
         Release\ToonScene.obj
         コード生成しています。
         コード生成が終了しました。
         kadai01.vcxproj -> C:\Users\mexel_000\Documents\Visual Studio 2010\Projects\sp42\kadai01\\kadai01.exe
       Manifest:
         C:\Program Files (x86)\Microsoft SDKs\Windows\v7.0A\bin\mt.exe /nologo /verbose /outputresource:"C:\Users\mexel_000\Documents\Visual Studio 2010\Projects\sp42\kadai01\\kadai01.exe;#1" /manifest Release\kadai01.exe.intermediate.manifest
       FinalizeBuildStatus:
         ファイル "Release\kadai01.unsuccessfulbuild" を削除しています。
         "Release\kadai01.lastbuildstate" のタッチ タスクを実行しています。
     1>プロジェクト "C:\Users\mexel_000\Documents\Visual Studio 2010\Projects\sp42\kadai01\kadai01.vcxproj" (build ターゲット) のビルドが完了しました。

ビルドに成功しました。

経過時間 00:00:03.45
