C:\USERS\MEXEL_000\DOCUMENTS\VISUAL STUDIO 2010\PROJECTS\SP42\KADAI01\DEBUG\BLURPLAYER.OBJ
C:\USERS\MEXEL_000\DOCUMENTS\VISUAL STUDIO 2010\PROJECTS\SP42\KADAI01\DEBUG\BLURSCENE.OBJ
C:\USERS\MEXEL_000\DOCUMENTS\VISUAL STUDIO 2010\PROJECTS\SP42\KADAI01\DEBUG\CAMERA.OBJ
C:\Users\mexel_000\Documents\Visual Studio 2010\Projects\sp42\kadai01\Debug\cl.command.1.tlog
C:\Users\mexel_000\Documents\Visual Studio 2010\Projects\sp42\kadai01\Debug\CL.read.1.tlog
C:\Users\mexel_000\Documents\Visual Studio 2010\Projects\sp42\kadai01\Debug\CL.write.1.tlog
C:\USERS\MEXEL_000\DOCUMENTS\VISUAL STUDIO 2010\PROJECTS\SP42\KADAI01\DEBUG\COMMON.OBJ
C:\USERS\MEXEL_000\DOCUMENTS\VISUAL STUDIO 2010\PROJECTS\SP42\KADAI01\DEBUG\CYLINDER.OBJ
C:\USERS\MEXEL_000\DOCUMENTS\VISUAL STUDIO 2010\PROJECTS\SP42\KADAI01\DEBUG\DEPTHSHADOWPLAYER.OBJ
C:\USERS\MEXEL_000\DOCUMENTS\VISUAL STUDIO 2010\PROJECTS\SP42\KADAI01\DEBUG\DEPTHSHADOWSCENE.OBJ
C:\USERS\MEXEL_000\DOCUMENTS\VISUAL STUDIO 2010\PROJECTS\SP42\KADAI01\DEBUG\INPUT.OBJ
C:\USERS\MEXEL_000\DOCUMENTS\VISUAL STUDIO 2010\PROJECTS\SP42\KADAI01\DEBUG\INPUTKEYBOARD.OBJ
C:\USERS\MEXEL_000\DOCUMENTS\VISUAL STUDIO 2010\PROJECTS\SP42\KADAI01\DEBUG\INPUTMOUSE.OBJ
C:\USERS\MEXEL_000\DOCUMENTS\VISUAL STUDIO 2010\PROJECTS\SP42\KADAI01\DEBUG\KADAI01.EXE.EMBED.MANIFEST
C:\USERS\MEXEL_000\DOCUMENTS\VISUAL STUDIO 2010\PROJECTS\SP42\KADAI01\DEBUG\KADAI01.EXE.EMBED.MANIFEST.RES
C:\Users\mexel_000\Documents\Visual Studio 2010\Projects\sp42\kadai01\Debug\kadai01.exe.intermediate.manifest
C:\Users\mexel_000\Documents\Visual Studio 2010\Projects\sp42\kadai01\Debug\kadai01.pdb
C:\Users\mexel_000\Documents\Visual Studio 2010\Projects\sp42\kadai01\Debug\kadai01.vcxprojResolveAssemblyReference.cache
C:\Users\mexel_000\Documents\Visual Studio 2010\Projects\sp42\kadai01\Debug\kadai01.write.1.tlog
C:\Users\mexel_000\Documents\Visual Studio 2010\Projects\sp42\kadai01\Debug\kadai01_manifest.rc
C:\Users\mexel_000\Documents\Visual Studio 2010\Projects\sp42\kadai01\Debug\link.1084.read.1.tlog
C:\Users\mexel_000\Documents\Visual Studio 2010\Projects\sp42\kadai01\Debug\link.1084.write.1.tlog
C:\Users\mexel_000\Documents\Visual Studio 2010\Projects\sp42\kadai01\Debug\link.1084-cvtres.read.1.tlog
C:\Users\mexel_000\Documents\Visual Studio 2010\Projects\sp42\kadai01\Debug\link.1084-cvtres.write.1.tlog
C:\Users\mexel_000\Documents\Visual Studio 2010\Projects\sp42\kadai01\Debug\link.1252.read.1.tlog
C:\Users\mexel_000\Documents\Visual Studio 2010\Projects\sp42\kadai01\Debug\link.1252.write.1.tlog
C:\Users\mexel_000\Documents\Visual Studio 2010\Projects\sp42\kadai01\Debug\link.1252-cvtres.read.1.tlog
C:\Users\mexel_000\Documents\Visual Studio 2010\Projects\sp42\kadai01\Debug\link.1252-cvtres.write.1.tlog
C:\Users\mexel_000\Documents\Visual Studio 2010\Projects\sp42\kadai01\Debug\link.1916.read.1.tlog
C:\Users\mexel_000\Documents\Visual Studio 2010\Projects\sp42\kadai01\Debug\link.1916.write.1.tlog
C:\Users\mexel_000\Documents\Visual Studio 2010\Projects\sp42\kadai01\Debug\link.1916-cvtres.read.1.tlog
C:\Users\mexel_000\Documents\Visual Studio 2010\Projects\sp42\kadai01\Debug\link.1916-cvtres.write.1.tlog
C:\Users\mexel_000\Documents\Visual Studio 2010\Projects\sp42\kadai01\Debug\link.2152.read.1.tlog
C:\Users\mexel_000\Documents\Visual Studio 2010\Projects\sp42\kadai01\Debug\link.2152.write.1.tlog
C:\Users\mexel_000\Documents\Visual Studio 2010\Projects\sp42\kadai01\Debug\link.2152-cvtres.read.1.tlog
C:\Users\mexel_000\Documents\Visual Studio 2010\Projects\sp42\kadai01\Debug\link.2152-cvtres.write.1.tlog
C:\Users\mexel_000\Documents\Visual Studio 2010\Projects\sp42\kadai01\Debug\link.2280.read.1.tlog
C:\Users\mexel_000\Documents\Visual Studio 2010\Projects\sp42\kadai01\Debug\link.2280.write.1.tlog
C:\Users\mexel_000\Documents\Visual Studio 2010\Projects\sp42\kadai01\Debug\link.2280-cvtres.read.1.tlog
C:\Users\mexel_000\Documents\Visual Studio 2010\Projects\sp42\kadai01\Debug\link.2280-cvtres.write.1.tlog
C:\Users\mexel_000\Documents\Visual Studio 2010\Projects\sp42\kadai01\Debug\link.4608.read.1.tlog
C:\Users\mexel_000\Documents\Visual Studio 2010\Projects\sp42\kadai01\Debug\link.4608.write.1.tlog
C:\Users\mexel_000\Documents\Visual Studio 2010\Projects\sp42\kadai01\Debug\link.4608-cvtres.read.1.tlog
C:\Users\mexel_000\Documents\Visual Studio 2010\Projects\sp42\kadai01\Debug\link.4608-cvtres.write.1.tlog
C:\Users\mexel_000\Documents\Visual Studio 2010\Projects\sp42\kadai01\Debug\link.command.1.tlog
C:\Users\mexel_000\Documents\Visual Studio 2010\Projects\sp42\kadai01\Debug\link.read.1.tlog
C:\Users\mexel_000\Documents\Visual Studio 2010\Projects\sp42\kadai01\Debug\link.write.1.tlog
C:\Users\mexel_000\Documents\Visual Studio 2010\Projects\sp42\kadai01\Debug\link-cvtres.read.1.tlog
C:\Users\mexel_000\Documents\Visual Studio 2010\Projects\sp42\kadai01\Debug\link-cvtres.write.1.tlog
C:\USERS\MEXEL_000\DOCUMENTS\VISUAL STUDIO 2010\PROJECTS\SP42\KADAI01\DEBUG\MAIN.OBJ
C:\USERS\MEXEL_000\DOCUMENTS\VISUAL STUDIO 2010\PROJECTS\SP42\KADAI01\DEBUG\MEMORY.OBJ
C:\USERS\MEXEL_000\DOCUMENTS\VISUAL STUDIO 2010\PROJECTS\SP42\KADAI01\DEBUG\MESHFIELD.OBJ
C:\USERS\MEXEL_000\DOCUMENTS\VISUAL STUDIO 2010\PROJECTS\SP42\KADAI01\DEBUG\MODEL.OBJ
C:\USERS\MEXEL_000\DOCUMENTS\VISUAL STUDIO 2010\PROJECTS\SP42\KADAI01\DEBUG\MOTIONBLURSCENE.OBJ
C:\Users\mexel_000\Documents\Visual Studio 2010\Projects\sp42\kadai01\Debug\mt.command.1.tlog
C:\Users\mexel_000\Documents\Visual Studio 2010\Projects\sp42\kadai01\Debug\mt.read.1.tlog
C:\Users\mexel_000\Documents\Visual Studio 2010\Projects\sp42\kadai01\Debug\mt.write.1.tlog
C:\USERS\MEXEL_000\DOCUMENTS\VISUAL STUDIO 2010\PROJECTS\SP42\KADAI01\DEBUG\MULTITEXSCENE.OBJ
C:\USERS\MEXEL_000\DOCUMENTS\VISUAL STUDIO 2010\PROJECTS\SP42\KADAI01\DEBUG\PLANE.OBJ
C:\USERS\MEXEL_000\DOCUMENTS\VISUAL STUDIO 2010\PROJECTS\SP42\KADAI01\DEBUG\PLAYER.OBJ
C:\Users\mexel_000\Documents\Visual Studio 2010\Projects\sp42\kadai01\Debug\rc.command.1.tlog
C:\Users\mexel_000\Documents\Visual Studio 2010\Projects\sp42\kadai01\Debug\rc.read.1.tlog
C:\Users\mexel_000\Documents\Visual Studio 2010\Projects\sp42\kadai01\Debug\rc.write.1.tlog
C:\USERS\MEXEL_000\DOCUMENTS\VISUAL STUDIO 2010\PROJECTS\SP42\KADAI01\DEBUG\SCENE.OBJ
C:\USERS\MEXEL_000\DOCUMENTS\VISUAL STUDIO 2010\PROJECTS\SP42\KADAI01\DEBUG\SHADERDEVISE.OBJ
C:\USERS\MEXEL_000\DOCUMENTS\VISUAL STUDIO 2010\PROJECTS\SP42\KADAI01\DEBUG\STATICPLANE.OBJ
C:\USERS\MEXEL_000\DOCUMENTS\VISUAL STUDIO 2010\PROJECTS\SP42\KADAI01\DEBUG\TIMER.OBJ
C:\USERS\MEXEL_000\DOCUMENTS\VISUAL STUDIO 2010\PROJECTS\SP42\KADAI01\DEBUG\TOONMODEL.OBJ
C:\USERS\MEXEL_000\DOCUMENTS\VISUAL STUDIO 2010\PROJECTS\SP42\KADAI01\DEBUG\TOONSCENE.OBJ
C:\Users\mexel_000\Documents\Visual Studio 2010\Projects\sp42\kadai01\Debug\vc100.idb
C:\USERS\MEXEL_000\DOCUMENTS\VISUAL STUDIO 2010\PROJECTS\SP42\KADAI01\DEBUG\VC100.PDB
